<?xml version="1.0" encoding="UTF-8" ?>
<testsuite errors="1" failures="0" hostname="LAPTOP-VH5817CO" name="controller.encajeControllerTest" skipped="0" tests="1" time="0.088" timestamp="2022-11-13T02:36:18">
  <properties>
    <property name="libs.jsp-compiler.javadoc" value="" />
    <property name="netbeans.autoupdate.country" value="BO" />
    <property name="nb.wait.for.caches" value="true" />
    <property name="javac.test.classpath" value="C:\Program Files\NetBeans 7.4\ide\modules\ext\mysql-connector-java-5.1.23-bin.jar:C:\Users\mau_t\Documents\Desktop\Old Files\lib\commons-beanutils-1.8.2.jar:C:\Users\mau_t\Documents\Desktop\Old Files\lib\commons-collections-3.2.1.jar:C:\Users\mau_t\Documents\Desktop\Old Files\lib\commons-digester-2.1.jar:C:\Users\mau_t\Documents\Desktop\Old Files\lib\commons-logging-1.1.jar:C:\Users\mau_t\Documents\Desktop\Old Files\lib\groovy-all-2.0.1.jar:C:\Users\mau_t\Documents\Desktop\Old Files\lib\iText-2.1.7.js2.jar:C:\Users\mau_t\Documents\Desktop\Old Files\lib\jasperreports-5.5.0.jar:C:\Users\mau_t\Documents\Desktop\Old Files\lib\jasperreports-fonts-5.5.0.jar:C:\Users\mau_t\Downloads\omnifaces-1.8.3.jar:C:\Users\mau_t\Downloads\junit-3.8.2.jar:C:\Users\mau_t\Downloads\primefaces-5.0.jar:C:\Users\mau_t\Downloads\apache-jmeter-5.0\apache-jmeter-5.0\lib\junit-4.12.jar:build/web/WEB-INF/classes" />
    <property name="libs.jsf20.maven-pom" value="" />
    <property name="j2ee.copy.static.files.on.save" value="true" />
    <property name="source.root" value="src" />
    <property name="do.display.browser" value="true" />
    <property name="ant.core.lib" value="C:\Program Files\NetBeans 7.4\extide\ant\lib\ant.jar" />
    <property name="javadoc.windowtitle" value="" />
    <property name="libs.jsp-compilation.javadoc" value="" />
    <property name="user.dir" value="C:\Users\mau_t\Documents\NetBeansProjects\ControlMain" />
    <property name="libs.javaee-api-7.0.src" value="" />
    <property name="libs.hibernate-persistence.javadoc" value="" />
    <property name="java.vm.version" value="25.181-b13" />
    <property name="libs.MySQLDriver.classpath" value="C:\Program Files\NetBeans 7.4\ide\modules\ext\mysql-connector-java-5.1.23-bin.jar" />
    <property name="libs.eclipselinkmodelgen.src" value="" />
    <property name="javadoc.notree" value="false" />
    <property name="lib.dir" value="web/WEB-INF/lib" />
    <property name="netbeans.autoupdate.version" value="1.23" />
    <property name="libs.EclipseLink-GlassFish-v3.classpath" value="C:\Program Files\glassfish-4.0\glassfish\modules\org.eclipse.persistence.antlr.jar;C:\Program Files\glassfish-4.0\glassfish\modules\org.eclipse.persistence.asm.jar;C:\Program Files\glassfish-4.0\glassfish\modules\org.eclipse.persistence.core.jar;C:\Program Files\glassfish-4.0\glassfish\modules\org.eclipse.persistence.dbws.jar;C:\Program Files\glassfish-4.0\glassfish\modules\org.eclipse.persistence.jpa.jar;C:\Program Files\glassfish-4.0\glassfish\modules\org.eclipse.persistence.jpa.jpql.jar;C:\Program Files\glassfish-4.0\glassfish\modules\org.eclipse.persistence.jpa.modelgen.processor.jar;C:\Program Files\glassfish-4.0\glassfish\modules\org.eclipse.persistence.moxy.jar;C:\Program Files\glassfish-4.0\glassfish\modules\org.eclipse.persistence.oracle.jar;C:\Program Files\glassfish-4.0\glassfish\modules\javax.persistence.jar" />
    <property name="libs.javaee-web-api-6.0.classpath" value="C:\Program Files\NetBeans 7.4\enterprise\modules\ext\javaee-web-api-6.0.jar" />
    <property name="libs.hibernate-support.maven-pom" value="" />
    <property name="libs.hibernate-support.javadoc" value="" />
    <property name="libs.Java-EE-GlassFish-v3-Prelude.javadoc" value="C:\Program Files\NetBeans 7.4\enterprise\docs\javaee-doc-api.jar" />
    <property name="jdk.home" value="C:\Program Files\Java\jdk1.8.0_181" />
    <property name="libs.javac-api.src" value="" />
    <property name="javadoc.noindex" value="false" />
    <property name="sun.os.patch.level" value="" />
    <property name="libs.Java-EE-GlassFish-v3-Prelude.src" value="" />
    <property name="do.tmp.war.package" value="true" />
    <property name="java.vm.specification.name" value="Java Virtual Machine Specification" />
    <property name="nb.show.statistics.ui" value="usageStatisticsEnabled" />
    <property name="netbeans.autoupdate.variant" value="" />
    <property name="have.tests" value="true" />
    <property name="org.xml.sax.driver" value="com.sun.org.apache.xerces.internal.jaxp.SAXParserImpl$JAXPSAXParser" />
    <property name="j2ee.server.instance" value="[C:\Program Files\glassfish-4.0\glassfish;C:\Program Files\glassfish-4.0\glassfish\domains\domain1]deployer:gfv3ee6wc:localhost:4848" />
    <property name="libs.javac-api.javadoc" value="" />
    <property name="os.name" value="Windows 10" />
    <property name="libs.beans-binding.classpath" value="C:\Program Files\NetBeans 7.4\java\modules\ext\beansbinding-1.2.1.jar" />
    <property name="libs.javaee-endorsed-api-7.0.maven-pom" value="" />
    <property name="ap.proc.none.internal" value="" />
    <property name="ant.file.ControlMain" value="C:\Users\mau_t\Documents\NetBeansProjects\ControlMain\build.xml" />
    <property name="file.reference.omnifaces-1.8.3.jar" value="C:\Users\mau_t\Downloads\omnifaces-1.8.3.jar" />
    <property name="libs.restapi.javadoc" value="" />
    <property name="libs.JWSAntTasks.maven-pom" value="" />
    <property name="libs.jstl.classpath" value="C:\Program Files\NetBeans 7.4\enterprise\modules\ext\jstl-impl.jar;C:\Program Files\NetBeans 7.4\enterprise\modules\ext\jstl-api.jar" />
    <property name="libs.testng.src" value="" />
    <property name="libs.spring-webmvc3.0.src" value="" />
    <property name="libs.restapi.classpath" value="C:\Program Files\NetBeans 7.4\enterprise\modules\ext\jaxrs-2.0\javax.ws.rs-api-2.0.jar" />
    <property name="runmain.jvmargs" value="" />
    <property name="java.vendor.url.bug" value="http://bugreport.sun.com/bugreport/" />
    <property name="libs.jaxb.maven-pom" value="" />
    <property name="os.arch" value="amd64" />
    <property name="libs.eclipselink.src" value="" />
    <property name="user.name" value="mau_t" />
    <property name="j2ee.compile.on.save" value="true" />
    <property name="libs.jsf12.javadoc" value="C:\Program Files\NetBeans 7.4\enterprise\docs\javaee-doc-api.jar" />
    <property name="libs.Comet-GlassFish-v3.javadoc" value="" />
    <property name="libs.spring-webmvc3.0.maven-pom" value="" />
    <property name="libs.swing-layout.maven-pom" value="" />
    <property name="sun.java.command" value="org.apache.tools.ant.taskdefs.optional.junit.JUnitTestRunner controller.encajeControllerTest filtertrace=true haltOnError=false haltOnFailure=false showoutput=true outputtoformatters=true logfailedtests=true logtestlistenerevents=true formatter=org.apache.tools.ant.taskdefs.optional.junit.BriefJUnitResultFormatter formatter=org.apache.tools.ant.taskdefs.optional.junit.XMLJUnitResultFormatter,C:\Users\mau_t\Documents\NetBeansProjects\ControlMain\build\test\results\TEST-controller.encajeControllerTest.xml crashfile=C:\Users\mau_t\Documents\NetBeansProjects\ControlMain\build\junitvmwatcher8097359675027556438.properties propsfile=C:\Users\mau_t\Documents\NetBeansProjects\ControlMain\build\junit668641689372302260.properties" />
    <property name="build.classes.dir" value="build/web/WEB-INF/classes" />
    <property name="netbeans.accept_license_class" value="org.netbeans.license.AcceptLicense" />
    <property name="ap.supported.internal" value="true" />
    <property name="libs.javaee-endorsed-api-7.0.javadoc" value="C:\Program Files\NetBeans 7.4\enterprise\docs\javaee-doc-api.jar" />
    <property name="libs.jaxws21.javadoc" value="C:\Program Files\NetBeans 7.4\java\docs\jaxws-api-doc.zip" />
    <property name="file.reference.junit-4.12.jar" value="C:\Users\mau_t\Downloads\apache-jmeter-5.0\apache-jmeter-5.0\lib\junit-4.12.jar" />
    <property name="build.web.excludes" value="**/*.java,**/*.form" />
    <property name="includes" value="**" />
    <property name="j2ee.platform.wsimport.classpath" value="C:/Program Files/glassfish-4.0/glassfish/modules/webservices-osgi.jar:C:/Program Files/glassfish-4.0/glassfish/modules/endorsed/webservices-api-osgi.jar:C:/Program Files/glassfish-4.0/glassfish/modules/jaxb-osgi.jar:C:/Program Files/glassfish-4.0/glassfish/modules/endorsed/jaxb-api-osgi.jar" />
    <property name="browser.context" value="C:\Users\mau_t\Documents\NetBeansProjects\ControlMain" />
    <property name="user.country" value="BO" />
    <property name="javadoc.encoding" value="UTF-8" />
    <property name="javac.classpath" value="C:\Program Files\NetBeans 7.4\ide\modules\ext\mysql-connector-java-5.1.23-bin.jar:C:\Users\mau_t\Documents\Desktop\Old Files\lib\commons-beanutils-1.8.2.jar:C:\Users\mau_t\Documents\Desktop\Old Files\lib\commons-collections-3.2.1.jar:C:\Users\mau_t\Documents\Desktop\Old Files\lib\commons-digester-2.1.jar:C:\Users\mau_t\Documents\Desktop\Old Files\lib\commons-logging-1.1.jar:C:\Users\mau_t\Documents\Desktop\Old Files\lib\groovy-all-2.0.1.jar:C:\Users\mau_t\Documents\Desktop\Old Files\lib\iText-2.1.7.js2.jar:C:\Users\mau_t\Documents\Desktop\Old Files\lib\jasperreports-5.5.0.jar:C:\Users\mau_t\Documents\Desktop\Old Files\lib\jasperreports-fonts-5.5.0.jar:C:\Users\mau_t\Downloads\omnifaces-1.8.3.jar:C:\Users\mau_t\Downloads\junit-3.8.2.jar:C:\Users\mau_t\Downloads\primefaces-5.0.jar:C:\Users\mau_t\Downloads\apache-jmeter-5.0\apache-jmeter-5.0\lib\junit-4.12.jar" />
    <property name="libs.jsp-compilation-syscp.src" value="" />
    <property name="libs.JAVADB_DRIVER_LABEL.src" value="" />
    <property name="do.debug.server" value="true" />
    <property name="debug-transport" value="dt_shmem" />
    <property name="netbeans.home" value="C:\Program Files\NetBeans 7.4\platform" />
    <property name="build.compiler.emacs" value="true" />
    <property name="libs.javaee-web-api-6.0.src" value="" />
    <property name="libs.ejb3-persistence.src" value="" />
    <property name="libs.PrimeFaces_5.0.javadoc" value="" />
    <property name="libs.jsp-compilation-syscp.classpath" value="C:\Program Files\NetBeans 7.4\extide\ant\lib\ant.jar;C:\Program Files\NetBeans 7.4\enterprise\modules\ext\servlet3.1-jsp2.3-api.jar;C:\Program Files\NetBeans 7.4\enterprise\modules\ext\glassfish-jspparser-4.0.jar;C:\Program Files\NetBeans 7.4\enterprise\modules\ext\jstl-impl.jar;C:\Program Files\NetBeans 7.4\enterprise\modules\ext\jsf-2_2\javax.faces.jar" />
    <property name="java.endorsed.dirs" value="C:\Program Files\Java\jdk1.8.0_181\jre\lib\endorsed" />
    <property name="libs.hibernate-persistencemodelgen.classpath" value="C:\Program Files\NetBeans 7.4\java\modules\ext\hibernate\hibernate-jpamodelgen-1.1.1.Final.jar" />
    <property name="libs.Comet-GlassFish-v3.maven-pom" value="" />
    <property name="netbeans.dynamic.classpath" value="C:\Program Files\NetBeans 7.4\platform\core\core.jar;C:\Program Files\NetBeans 7.4\platform\core\org-openide-filesystems.jar;C:\Program Files\NetBeans 7.4\platform\core\locale\core_ja.jar;C:\Program Files\NetBeans 7.4\platform\core\locale\core_pt_BR.jar;C:\Program Files\NetBeans 7.4\platform\core\locale\core_ru.jar;C:\Program Files\NetBeans 7.4\platform\core\locale\core_zh_CN.jar;C:\Program Files\NetBeans 7.4\platform\core\locale\org-openide-filesystems_ja.jar;C:\Program Files\NetBeans 7.4\platform\core\locale\org-openide-filesystems_pt_BR.jar;C:\Program Files\NetBeans 7.4\platform\core\locale\org-openide-filesystems_ru.jar;C:\Program Files\NetBeans 7.4\platform\core\locale\org-openide-filesystems_zh_CN.jar;C:\Program Files\NetBeans 7.4\nb\core\org-netbeans-upgrader.jar;C:\Program Files\NetBeans 7.4\nb\core\locale\core_nb.jar;C:\Program Files\NetBeans 7.4\nb\core\locale\core_nb_ja.jar;C:\Program Files\NetBeans 7.4\nb\core\locale\core_nb_pt_BR.jar;C:\Program Files\NetBeans 7.4\nb\core\locale\core_nb_ru.jar;C:\Program Files\NetBeans 7.4\nb\core\locale\core_nb_zh_CN.jar;C:\Program Files\NetBeans 7.4\nb\core\locale\org-netbeans-upgrader_ja.jar;C:\Program Files\NetBeans 7.4\nb\core\locale\org-netbeans-upgrader_pt_BR.jar;C:\Program Files\NetBeans 7.4\nb\core\locale\org-netbeans-upgrader_ru.jar;C:\Program Files\NetBeans 7.4\nb\core\locale\org-netbeans-upgrader_zh_CN.jar" />
    <property name="java.vm.specification.version" value="1.8" />
    <property name="libs.primefaces.classpath" value="C:\Program Files\NetBeans 7.4\enterprise\modules\ext\primefaces\primefaces-3.5.jar;C:\Program Files\NetBeans 7.4\enterprise\modules\ext\commons-fileupload-1.3.jar" />
    <property name="libs.javaee-api-6.0.classpath" value="C:\Program Files\NetBeans 7.4\enterprise\modules\ext\javaee-api-6.0.jar" />
    <property name="netbeans.productversion" value="NetBeans IDE 7.4 (Build 201310111528)" />
    <property name="libs.hibernate-persistence.classpath" value="C:\Program Files\NetBeans 7.4\java\modules\ext\hibernate\antlr-2.7.6.jar;C:\Program Files\NetBeans 7.4\java\modules\ext\hibernate\cglib-2.2.jar;C:\Program Files\NetBeans 7.4\java\modules\ext\hibernate\commons-collections-3.1.jar;C:\Program Files\NetBeans 7.4\java\modules\ext\hibernate\dom4j-1.6.1.jar;C:\Program Files\NetBeans 7.4\java\modules\ext\hibernate\jta-1.1.jar;C:\Program Files\NetBeans 7.4\java\modules\ext\hibernate\hibernate-core-3.6.10.Final.jar;C:\Program Files\NetBeans 7.4\java\modules\ext\hibernate\hibernate-commons-annotations-3.2.0.Final.jar;C:\Program Files\NetBeans 7.4\java\modules\ext\hibernate\hibernate-entitymanager-3.6.10.Final.jar;C:\Program Files\NetBeans 7.4\java\modules\ext\hibernate\hibernate-tools-3.6.0.CR1.jar;C:\Program Files\NetBeans 7.4\java\modules\ext\hibernate\javassist-3.12.0.GA.jar;C:\Program Files\NetBeans 7.4\java\modules\ext\hibernate\c3p0-0.9.1.jar;C:\Program Files\NetBeans 7.4\java\modules\ext\hibernate\oscache-2.1.jar;C:\Program Files\NetBeans 7.4\java\modules\ext\hibernate\slf4j-api-1.6.1.jar;C:\Program Files\NetBeans 7.4\java\modules\ext\hibernate\slf4j-simple-1.6.1.jar;C:\Program Files\NetBeans 7.4\java\modules\ext\hibernate\hibernate-jpa-2.0-api-1.0.1.Final.jar" />
    <property name="libs.jaxws21.src" value="" />
    <property name="do.war.package.with.custom.manifest" value="true" />
    <property name="netbeans.autoupdate.language" value="es" />
    <property name="java.vendor" value="Oracle Corporation" />
    <property name="libs.javaee-api-6.0.javadoc" value="C:\Program Files\NetBeans 7.4\enterprise\docs\javaee-doc-api.jar" />
    <property name="javac.debug" value="true" />
    <property name="javadoc.splitindex" value="true" />
    <property name="file.separator" value="\" />
    <property name="libs.Java-EE-GlassFish-v3-Prelude.maven-pom" value="" />
    <property name="resource.dir" value="setup" />
    <property name="javac.test.processorpath" value="C:\Program Files\NetBeans 7.4\ide\modules\ext\mysql-connector-java-5.1.23-bin.jar:C:\Users\mau_t\Documents\Desktop\Old Files\lib\commons-beanutils-1.8.2.jar:C:\Users\mau_t\Documents\Desktop\Old Files\lib\commons-collections-3.2.1.jar:C:\Users\mau_t\Documents\Desktop\Old Files\lib\commons-digester-2.1.jar:C:\Users\mau_t\Documents\Desktop\Old Files\lib\commons-logging-1.1.jar:C:\Users\mau_t\Documents\Desktop\Old Files\lib\groovy-all-2.0.1.jar:C:\Users\mau_t\Documents\Desktop\Old Files\lib\iText-2.1.7.js2.jar:C:\Users\mau_t\Documents\Desktop\Old Files\lib\jasperreports-5.5.0.jar:C:\Users\mau_t\Documents\Desktop\Old Files\lib\jasperreports-fonts-5.5.0.jar:C:\Users\mau_t\Downloads\omnifaces-1.8.3.jar:C:\Users\mau_t\Downloads\junit-3.8.2.jar:C:\Users\mau_t\Downloads\primefaces-5.0.jar:C:\Users\mau_t\Downloads\apache-jmeter-5.0\apache-jmeter-5.0\lib\junit-4.12.jar:build/web/WEB-INF/classes" />
    <property name="netbeans.buildnumber" value="201310111528" />
    <property name="libs.JWSAntTasks.javadoc" value="" />
    <property name="build.generated.sources.dir" value="build/generated-sources" />
    <property name="user.variant" value="" />
    <property name="libs.eclipselinkmodelgen.classpath" value="C:\Program Files\NetBeans 7.4\java\modules\ext\eclipselink\org.eclipse.persistence.jpa.modelgen_2.5.0.v20130507-3faac2b.jar" />
    <property name="libs.javaee-endorsed-api-7.0.src" value="" />
    <property name="sun.java.launcher" value="SUN_STANDARD" />
    <property name="libs.jaxb.javadoc" value="C:\Program Files\NetBeans 7.4\ide\docs\jaxb-api-doc.zip" />
    <property name="libs.struts.classpath" value="C:\Program Files\NetBeans 7.4\enterprise\modules\ext\struts\antlr-2.7.2.jar;C:\Program Files\NetBeans 7.4\enterprise\modules\ext\struts\bsf-2.3.0.jar;C:\Program Files\NetBeans 7.4\enterprise\modules\ext\struts\commons-beanutils-1.8.0.jar;C:\Program Files\NetBeans 7.4\enterprise\modules\ext\struts\commons-chain-1.2.jar;C:\Program Files\NetBeans 7.4\enterprise\modules\ext\struts\commons-digester-1.8.jar;C:\Program Files\NetBeans 7.4\enterprise\modules\ext\struts\commons-fileupload-1.1.1.jar;C:\Program Files\NetBeans 7.4\enterprise\modules\ext\struts\commons-io-1.1.jar;C:\Program Files\NetBeans 7.4\enterprise\modules\ext\struts\commons-logging-1.0.4.jar;C:\Program Files\NetBeans 7.4\enterprise\modules\ext\struts\commons-validator-1.3.1.jar;C:\Program Files\NetBeans 7.4\enterprise\modules\ext\struts\jstl-1.0.2.jar;C:\Program Files\NetBeans 7.4\enterprise\modules\ext\struts\oro-2.0.8.jar;C:\Program Files\NetBeans 7.4\enterprise\modules\ext\struts\standard-1.0.6.jar;C:\Program Files\NetBeans 7.4\enterprise\modules\ext\struts\struts-core-1.3.10.jar;C:\Program Files\NetBeans 7.4\enterprise\modules\ext\struts\struts-el-1.3.10.jar;C:\Program Files\NetBeans 7.4\enterprise\modules\ext\struts\struts-extras-1.3.10.jar;C:\Program Files\NetBeans 7.4\enterprise\modules\ext\struts\struts-faces-1.3.10.jar;C:\Program Files\NetBeans 7.4\enterprise\modules\ext\struts\struts-mailreader-dao-1.3.10.jar;C:\Program Files\NetBeans 7.4\enterprise\modules\ext\struts\struts-scripting-1.3.10.jar;C:\Program Files\NetBeans 7.4\enterprise\modules\ext\struts\struts-taglib-1.3.10.jar;C:\Program Files\NetBeans 7.4\enterprise\modules\ext\struts\struts-tiles-1.3.10.jar" />
    <property name="application.args.param" value="" />
    <property name="ant.home" value="C:\Program Files\NetBeans 7.4\extide\ant" />
    <property name="libs.testng.classpath" value="C:\Program Files\NetBeans 7.4\platform\modules\ext\testng-6.8.1-dist.jar" />
    <property name="conf.dir" value="src/conf" />
    <property name="webinf.dir" value="web/WEB-INF" />
    <property name="libs.absolutelayout.maven-pom" value="" />
    <property name="ant.java.version" value="1.8" />
    <property name="java.library.path" value="C:\Program Files\Java\jdk1.8.0_181\jre\bin;C:\WINDOWS\Sun\Java\bin;C:\WINDOWS\system32;C:\WINDOWS;C:\Python310\Scripts\;C:\Python310\;C:\Program Files (x86)\Common Files\Oracle\Java\javapath;C:\Program Files (x86)\Intel\iCLS Client\;C:\Program Files\Intel\iCLS Client\;C:\WINDOWS\system32;C:\WINDOWS;C:\WINDOWS\System32\Wbem;C:\WINDOWS\System32\WindowsPowerShell\v1.0\;C:\Program Files (x86)\Intel\Intel(R) Management Engine Components\DAL;C:\Program Files\Intel\Intel(R) Management Engine Components\DAL;C:\Program Files (x86)\Intel\Intel(R) Management Engine Components\IPT;C:\Program Files\Intel\Intel(R) Management Engine Components\IPT;C:\WINDOWS\System32\OpenSSH\;C:\Program Files\Git\cmd;C:\Program Files\nodejs\;C:\ProgramData\chocolatey\bin;C:\Program Files (x86)\apache-maven-3.8.6\bin;C:\Program Files\MySQL\MySQL Shell 8.0\bin\;C:\Users\mau_t\AppData\Local\Microsoft\WindowsApps;C:\Users\mau_t\AppData\Local\Programs\Microsoft VS Code\bin;C:\Users\mau_t\AppData\Roaming\npm;C:\Program Files (x86)\apache-maven-3.8.6\bin;;." />
    <property name="javadoc.author" value="false" />
    <property name="libs.metro.maven-pom" value="" />
    <property name="libs.EclipseLink-GlassFish-v3.src" value="" />
    <property name="java.util.logging.config.class" value="org.netbeans.core.startup.TopLogging" />
    <property name="libs.PostgreSQLDriver.src" value="" />
    <property name="sun.arch.data.model" value="64" />
    <property name="basedir" value="C:\Users\mau_t\Documents\NetBeansProjects\ControlMain" />
    <property name="libs.jpa20-persistence.maven-pom" value="" />
    <property name="jar.compress" value="false" />
    <property name="libs.PrimeFaces_5.0.src" value="" />
    <property name="libs.javaee-web-api-7.0.classpath" value="C:\Program Files\NetBeans 7.4\enterprise\modules\ext\javaee-web-api-7.0.jar" />
    <property name="path.separator" value=";" />
    <property name="dist.war" value="dist/ControlMain.war" />
    <property name="libs.javaee-web-api-6.0.javadoc" value="C:\Program Files\NetBeans 7.4\enterprise\docs\javaee-doc-api.jar" />
    <property name="ant.junit.enabletestlistenerevents" value="true" />
    <property name="sun.io.unicode.encoding" value="UnicodeLittle" />
    <property name="file.reference.commons-beanutils-1.8.2.jar-1" value="C:\Users\mau_t\Documents\Desktop\Old Files\lib\commons-beanutils-1.8.2.jar" />
    <property name="libs.jaxws21.classpath" value="C:\Program Files\NetBeans 7.4\ide\modules\ext\jaxb\jaxb-impl.jar;C:\Program Files\NetBeans 7.4\ide\modules\ext\jaxb\jaxb-xjc.jar;C:\Program Files\NetBeans 7.4\java\modules\ext\jaxws22\FastInfoset.jar;C:\Program Files\NetBeans 7.4\java\modules\ext\jaxws22\gmbal-api-only.jar;C:\Program Files\NetBeans 7.4\java\modules\ext\jaxws22\ha-api.jar;C:\Program Files\NetBeans 7.4\java\modules\ext\jaxws22\javax.mail_1.4.jar;C:\Program Files\NetBeans 7.4\java\modules\ext\jaxws22\jaxws-rt.jar;C:\Program Files\NetBeans 7.4\java\modules\ext\jaxws22\jaxws-tools.jar;C:\Program Files\NetBeans 7.4\java\modules\ext\jaxws22\management-api.jar;C:\Program Files\NetBeans 7.4\java\modules\ext\jaxws22\mimepull.jar;C:\Program Files\NetBeans 7.4\java\modules\ext\jaxws22\policy.jar;C:\Program Files\NetBeans 7.4\java\modules\ext\jaxws22\saaj-impl.jar;C:\Program Files\NetBeans 7.4\java\modules\ext\jaxws22\stax-ex.jar;C:\Program Files\NetBeans 7.4\java\modules\ext\jaxws22\stax2-api.jar;C:\Program Files\NetBeans 7.4\java\modules\ext\jaxws22\streambuffer.jar;C:\Program Files\NetBeans 7.4\java\modules\ext\jaxws22\woodstox-core-asl.jar;C:\Program Files\NetBeans 7.4\java\modules\ext\jaxws22\api\jaxws-api.jar;C:\Program Files\NetBeans 7.4\java\modules\ext\jaxws22\api\jsr181-api.jar;C:\Program Files\NetBeans 7.4\java\modules\ext\jaxws22\api\javax.annotation.jar;C:\Program Files\NetBeans 7.4\java\modules\ext\jaxws22\api\saaj-api.jar;C:\Program Files\NetBeans 7.4\ide\modules\ext\jaxb\activation.jar;C:\Program Files\NetBeans 7.4\ide\modules\ext\jaxb\api\jaxb-api.jar;C:\Program Files\NetBeans 7.4\ide\modules\ext\jaxb\api\jsr173_1.0_api.jar" />
    <property name="libs.struts.src" value="" />
    <property name="apple.awt.graphics.UseQuartz" value="true" />
    <property name="user.language" value="es" />
    <property name="j2ee.platform.classpath" value="C:/Program Files/glassfish-4.0/glassfish/modules/endorsed/javax.annotation-api.jar:C:/Program Files/glassfish-4.0/glassfish/modules/endorsed/jaxb-api-osgi.jar:C:/Program Files/glassfish-4.0/glassfish/modules/endorsed/webservices-api-osgi.jar:C:/Program Files/glassfish-4.0/glassfish/modules/bean-validator.jar:C:/Program Files/glassfish-4.0/glassfish/modules/javax.batch-api.jar:C:/Program Files/glassfish-4.0/glassfish/modules/javax.ejb-api.jar:C:/Program Files/glassfish-4.0/glassfish/modules/javax.el.jar:C:/Program Files/glassfish-4.0/glassfish/modules/javax.enterprise.concurrent-api.jar:C:/Program Files/glassfish-4.0/glassfish/modules/javax.enterprise.concurrent.jar:C:/Program Files/glassfish-4.0/glassfish/modules/javax.enterprise.deploy-api.jar:C:/Program Files/glassfish-4.0/glassfish/modules/javax.faces.jar:C:/Program Files/glassfish-4.0/glassfish/modules/javax.inject.jar:C:/Program Files/glassfish-4.0/glassfish/modules/javax.interceptor-api.jar:C:/Program Files/glassfish-4.0/glassfish/modules/javax.jms-api.jar:C:/Program Files/glassfish-4.0/glassfish/modules/javax.json.jar:C:/Program Files/glassfish-4.0/glassfish/modules/javax.mail.jar:C:/Program Files/glassfish-4.0/glassfish/modules/javax.management.j2ee-api.jar:C:/Program Files/glassfish-4.0/glassfish/modules/javax.persistence.jar:C:/Program Files/glassfish-4.0/glassfish/modules/javax.resource-api.jar:C:/Program Files/glassfish-4.0/glassfish/modules/javax.security.auth.message-api.jar:C:/Program Files/glassfish-4.0/glassfish/modules/javax.security.jacc-api.jar:C:/Program Files/glassfish-4.0/glassfish/modules/javax.servlet-api.jar:C:/Program Files/glassfish-4.0/glassfish/modules/javax.servlet.jsp-api.jar:C:/Program Files/glassfish-4.0/glassfish/modules/javax.servlet.jsp.jar:C:/Program Files/glassfish-4.0/glassfish/modules/javax.servlet.jsp.jstl-api.jar:C:/Program Files/glassfish-4.0/glassfish/modules/javax.servlet.jsp.jstl.jar:C:/Program Files/glassfish-4.0/glassfish/modules/javax.transaction-api.jar:C:/Program Files/glassfish-4.0/glassfish/modules/javax.websocket-api.jar:C:/Program Files/glassfish-4.0/glassfish/modules/javax.ws.rs-api.jar:C:/Program Files/glassfish-4.0/glassfish/modules/javax.xml.registry-api.jar:C:/Program Files/glassfish-4.0/glassfish/modules/javax.xml.rpc-api.jar:C:/Program Files/glassfish-4.0/glassfish/modules/jaxb-osgi.jar:C:/Program Files/glassfish-4.0/glassfish/modules/webservices-osgi.jar:C:/Program Files/glassfish-4.0/glassfish/modules/weld-osgi-bundle.jar:C:/Program Files/glassfish-4.0/mq/lib/jaxm-api.jar" />
    <property name="testng.mode" value="testng" />
    <property name="libs.JAXB-ENDORSED.maven-pom" value="" />
    <property name="libs.spring-framework.classpath" value="C:\Program Files\NetBeans 7.4\ide\modules\org-apache-commons-logging.jar;C:\Program Files\NetBeans 7.4\java\modules\ext\cglib-2.2.jar;C:\Program Files\NetBeans 7.4\java\modules\ext\spring\spring-2.5.6.SEC03.jar" />
    <property name="libs.eclipselink.maven-pom" value="" />
    <property name="build.meta.inf.dir" value="build/web/META-INF" />
    <property name="persistence.xml.dir" value="src/conf" />
    <property name="test.binaryincludes" value="&lt;nothing&gt;" />
    <property name="file.reference.jasperreports-5.5.0.jar" value="C:\Users\mau_t\Documents\Desktop\Old Files\lib\jasperreports-5.5.0.jar" />
    <property name="libs.primefaces.javadoc" value="" />
    <property name="libs.spring-framework300.maven-pom" value="" />
    <property name="run.test.classpath" value="C:\Program Files\NetBeans 7.4\ide\modules\ext\mysql-connector-java-5.1.23-bin.jar:C:\Users\mau_t\Documents\Desktop\Old Files\lib\commons-beanutils-1.8.2.jar:C:\Users\mau_t\Documents\Desktop\Old Files\lib\commons-collections-3.2.1.jar:C:\Users\mau_t\Documents\Desktop\Old Files\lib\commons-digester-2.1.jar:C:\Users\mau_t\Documents\Desktop\Old Files\lib\commons-logging-1.1.jar:C:\Users\mau_t\Documents\Desktop\Old Files\lib\groovy-all-2.0.1.jar:C:\Users\mau_t\Documents\Desktop\Old Files\lib\iText-2.1.7.js2.jar:C:\Users\mau_t\Documents\Desktop\Old Files\lib\jasperreports-5.5.0.jar:C:\Users\mau_t\Documents\Desktop\Old Files\lib\jasperreports-fonts-5.5.0.jar:C:\Users\mau_t\Downloads\omnifaces-1.8.3.jar:C:\Users\mau_t\Downloads\junit-3.8.2.jar:C:\Users\mau_t\Downloads\primefaces-5.0.jar:C:\Users\mau_t\Downloads\apache-jmeter-5.0\apache-jmeter-5.0\lib\junit-4.12.jar:build/web/WEB-INF/classes:build/test/classes" />
    <property name="ant.project.invoked-targets" value="test" />
    <property name="test.binaryexcludes" value="" />
    <property name="libs.swing-layout.javadoc" value="C:\Program Files\NetBeans 7.4\platform\docs\swing-layout-1.0.4-doc.zip" />
    <property name="sun.java2d.dpiaware" value="true" />
    <property name="file.reference.commons-collections-3.2.1.jar-1" value="C:\Users\mau_t\Documents\Desktop\Old Files\lib\commons-collections-3.2.1.jar" />
    <property name="libs.ejb3-persistence.maven-pom" value="" />
    <property name="jspc.schemas" value="/resources/schemas/" />
    <property name="https.nonProxyHosts" value="localhost|127.0.0.1|LAPTOP-VH5817CO" />
    <property name="libs.PostgreSQLDriver.maven-pom" value="" />
    <property name="java.class.version" value="52.0" />
    <property name="libs.JAVADB_DRIVER_LABEL.classpath" value="C:\Program Files\glassfish-4.0\javadb\lib\derby.jar;C:\Program Files\glassfish-4.0\javadb\lib\derbyclient.jar;C:\Program Files\glassfish-4.0\javadb\lib\derbynet.jar" />
    <property name="libs.javaee-endorsed-api-6.0.src" value="" />
    <property name="libs.eclipselink.javadoc" value="" />
    <property name="libs.jsp-compilation.maven-pom" value="" />
    <property name="user.properties.file" value="C:\Users\mau_t\AppData\Roaming\NetBeans\7.4\build.properties" />
    <property name="build.web.dir" value="build/web" />
    <property name="libs.spring-framework.src" value="" />
    <property name="libs.javac-api.maven-pom" value="" />
    <property name="file.encoding.pkg" value="sun.io" />
    <property name="sun.cpu.endian" value="little" />
    <property name="libs.JAXB-ENDORSED.javadoc" value="" />
    <property name="j2ee.server.middleware" value="C:/Program Files/glassfish-4.0" />
    <property name="libs.JWSAntTasks.classpath" value="C:\Program Files\NetBeans 7.4\java\ant\extra\org-netbeans-modules-javawebstart-anttasks.jar" />
    <property name="libs.spring-framework300.src" value="" />
    <property name="file.reference.junit-3.8.2.jar" value="C:\Users\mau_t\Downloads\junit-3.8.2.jar" />
    <property name="auxiliary.org-netbeans-modules-projectapi.jsf_2e_language" value="Facelets" />
    <property name="libs.jstl.src" value="" />
    <property name="ant.file.ControlMain-impl" value="C:\Users\mau_t\Documents\NetBeansProjects\ControlMain\nbproject\build-impl.xml" />
    <property name="empty.dir" value="C:\Users\mau_t\Documents\NetBeansProjects\ControlMain\build\empty" />
    <property name="display.browser" value="true" />
    <property name="version-output" value="java version &quot;1.8" />
    <property name="test.binarytestincludes" value="" />
    <property name="javadoc.preview" value="true" />
    <property name="libs.jpa20-persistence.javadoc" value="" />
    <property name="java.home" value="C:\Program Files\Java\jdk1.8.0_181\jre" />
    <property name="libs.jsp-compilation.src" value="" />
    <property name="libs.spring-webmvc.src" value="" />
    <property name="debug.test.classpath" value="C:\Program Files\NetBeans 7.4\ide\modules\ext\mysql-connector-java-5.1.23-bin.jar:C:\Users\mau_t\Documents\Desktop\Old Files\lib\commons-beanutils-1.8.2.jar:C:\Users\mau_t\Documents\Desktop\Old Files\lib\commons-collections-3.2.1.jar:C:\Users\mau_t\Documents\Desktop\Old Files\lib\commons-digester-2.1.jar:C:\Users\mau_t\Documents\Desktop\Old Files\lib\commons-logging-1.1.jar:C:\Users\mau_t\Documents\Desktop\Old Files\lib\groovy-all-2.0.1.jar:C:\Users\mau_t\Documents\Desktop\Old Files\lib\iText-2.1.7.js2.jar:C:\Users\mau_t\Documents\Desktop\Old Files\lib\jasperreports-5.5.0.jar:C:\Users\mau_t\Documents\Desktop\Old Files\lib\jasperreports-fonts-5.5.0.jar:C:\Users\mau_t\Downloads\omnifaces-1.8.3.jar:C:\Users\mau_t\Downloads\junit-3.8.2.jar:C:\Users\mau_t\Downloads\primefaces-5.0.jar:C:\Users\mau_t\Downloads\apache-jmeter-5.0\apache-jmeter-5.0\lib\junit-4.12.jar:build/web/WEB-INF/classes:build/test/classes" />
    <property name="libs.javaee-endorsed-api-6.0.classpath" value="C:\Program Files\NetBeans 7.4\enterprise\modules\ext\javaee6-endorsed\javax.annotation.jar;C:\Program Files\NetBeans 7.4\enterprise\modules\ext\javaee6-endorsed\jaxb-api-osgi.jar;C:\Program Files\NetBeans 7.4\enterprise\modules\ext\javaee6-endorsed\webservices-api-osgi.jar" />
    <property name="libs.javaee-api-6.0.src" value="" />
    <property name="netbeans.importclass" value="org.netbeans.upgrade.AutoUpgrade" />
    <property name="ant.project.default-target" value="default" />
    <property name="annotation.processing.run.all.processors" value="true" />
    <property name="libs.PostgreSQLDriver.javadoc" value="" />
    <property name="libs.restlib.classpath" value="C:\Program Files\NetBeans 7.4\enterprise\modules\ext\jersey2\ext\asm-all-repackaged-2.1.88.jar;C:\Program Files\NetBeans 7.4\enterprise\modules\ext\jersey2\ext\cglib-2.1.88.jar;C:\Program Files\NetBeans 7.4\enterprise\modules\ext\jersey2\ext\guava-14.0.1.jar;C:\Program Files\NetBeans 7.4\enterprise\modules\ext\jersey2\ext\hk2-api-2.1.88.jar;C:\Program Files\NetBeans 7.4\enterprise\modules\ext\jersey2\ext\hk2-locator-2.1.88.jar;C:\Program Files\NetBeans 7.4\enterprise\modules\ext\jersey2\ext\hk2-utils-2.1.88.jar;C:\Program Files\NetBeans 7.4\enterprise\modules\ext\jersey2\ext\javax.annotation-api-1.2.jar;C:\Program Files\NetBeans 7.4\enterprise\modules\ext\jersey2\ext\javax.inject-2.1.88.jar;C:\Program Files\NetBeans 7.4\enterprise\modules\ext\jersey2\ext\javax.servlet-api-3.1.0.jar;C:\Program Files\NetBeans 7.4\enterprise\modules\ext\jersey2\ext\jaxb-api-2.2.7.jar;C:\Program Files\NetBeans 7.4\enterprise\modules\ext\jersey2\ext\org.osgi.core-4.2.0.jar;C:\Program Files\NetBeans 7.4\enterprise\modules\ext\jersey2\ext\osgi-resource-locator-1.0.1.jar;C:\Program Files\NetBeans 7.4\enterprise\modules\ext\jersey2\ext\persistence-api-1.0.jar;C:\Program Files\NetBeans 7.4\enterprise\modules\ext\jersey2\ext\validation-api-1.1.0.jar;C:\Program Files\NetBeans 7.4\enterprise\modules\ext\jersey2\jersey-client.jar;C:\Program Files\NetBeans 7.4\enterprise\modules\ext\jersey2\jersey-common.jar;C:\Program Files\NetBeans 7.4\enterprise\modules\ext\jersey2\jersey-container-servlet.jar;C:\Program Files\NetBeans 7.4\enterprise\modules\ext\jersey2\jersey-container-servlet-core.jar;C:\Program Files\NetBeans 7.4\enterprise\modules\ext\jersey2\jersey-server.jar;C:\Program Files\NetBeans 7.4\enterprise\modules\ext\jersey2\extensions\jackson-core-asl-1.9.11.jar;C:\Program Files\NetBeans 7.4\enterprise\modules\ext\jersey2\extensions\jackson-jaxrs-1.9.11.jar;C:\Program Files\NetBeans 7.4\enterprise\modules\ext\jersey2\extensions\jackson-mapper-asl-1.9.11.jar;C:\Program Files\NetBeans 7.4\enterprise\modules\ext\jersey2\extensions\jackson-xc-1.9.11.jar;C:\Program Files\NetBeans 7.4\enterprise\modules\ext\jersey2\extensions\jersey-media-json-jackson-2.0.jar;C:\Program Files\NetBeans 7.4\enterprise\modules\ext\jersey2\extensions\jersey-media-json-jettison-2.0.jar;C:\Program Files\NetBeans 7.4\enterprise\modules\ext\jersey2\extensions\jettison-1.3.3.jar" />
    <property name="libs.MySQLDriver.maven-pom" value="" />
    <property name="j2ee.platform.wsgen.classpath" value="C:/Program Files/glassfish-4.0/glassfish/modules/webservices-osgi.jar:C:/Program Files/glassfish-4.0/glassfish/modules/endorsed/webservices-api-osgi.jar:C:/Program Files/glassfish-4.0/glassfish/modules/jaxb-osgi.jar:C:/Program Files/glassfish-4.0/glassfish/modules/endorsed/jaxb-api-osgi.jar" />
    <property name="http.nonProxyHosts" value="localhost|127.0.0.1|LAPTOP-VH5817CO" />
    <property name="libs.spring-webmvc.javadoc" value="" />
    <property name="libs.EclipseLink-GlassFish-v3.maven-pom" value="" />
    <property name="libs.javaee-web-api-6.0.maven-pom" value="" />
    <property name="j2ee.deploy.on.save" value="true" />
    <property name="libs.hibernate-support.src" value="" />
    <property name="jna.boot.library.name" value="jnidispatch-340" />
    <property name="libs.javaee-endorsed-api-6.0.javadoc" value="C:\Program Files\NetBeans 7.4\enterprise\docs\javaee-doc-api.jar" />
    <property name="file.reference.jasperreports-fonts-5.5.0.jar-1" value="C:\Users\mau_t\Documents\Desktop\Old Files\lib\jasperreports-fonts-5.5.0.jar" />
    <property name="libs.javaee-api-7.0.classpath" value="C:\Program Files\NetBeans 7.4\enterprise\modules\ext\javaee-api-7.0.jar" />
    <property name="sun.awt.datatransfer.timeout" value="1000" />
    <property name="libs.spring-webmvc3.0.javadoc" value="" />
    <property name="annotation.processing.enabled.in.editor" value="true" />
    <property name="nb.native.filechooser" value="false" />
    <property name="libs.restapi.src" value="" />
    <property name="sun.management.compiler" value="HotSpot 64-Bit Tiered Compilers" />
    <property name="javac.deprecation" value="false" />
    <property name="javadoc.use" value="true" />
    <property name="client.urlPart" value="" />
    <property name="sun.java2d.noddraw" value="true" />
    <property name="libs.jsp-compiler.classpath" value="C:\Program Files\NetBeans 7.4\enterprise\ant\extra\jspcompile.jar" />
    <property name="dist.ear.war" value="dist/ControlMain.war" />
    <property name="javac.processorpath" value="C:\Program Files\NetBeans 7.4\ide\modules\ext\mysql-connector-java-5.1.23-bin.jar:C:\Users\mau_t\Documents\Desktop\Old Files\lib\commons-beanutils-1.8.2.jar:C:\Users\mau_t\Documents\Desktop\Old Files\lib\commons-collections-3.2.1.jar:C:\Users\mau_t\Documents\Desktop\Old Files\lib\commons-digester-2.1.jar:C:\Users\mau_t\Documents\Desktop\Old Files\lib\commons-logging-1.1.jar:C:\Users\mau_t\Documents\Desktop\Old Files\lib\groovy-all-2.0.1.jar:C:\Users\mau_t\Documents\Desktop\Old Files\lib\iText-2.1.7.js2.jar:C:\Users\mau_t\Documents\Desktop\Old Files\lib\jasperreports-5.5.0.jar:C:\Users\mau_t\Documents\Desktop\Old Files\lib\jasperreports-fonts-5.5.0.jar:C:\Users\mau_t\Downloads\omnifaces-1.8.3.jar:C:\Users\mau_t\Downloads\junit-3.8.2.jar:C:\Users\mau_t\Downloads\primefaces-5.0.jar:C:\Users\mau_t\Downloads\apache-jmeter-5.0\apache-jmeter-5.0\lib\junit-4.12.jar:C:\Program Files\NetBeans 7.4\java\modules\ext\eclipselink\eclipselink.jar;C:\Program Files\NetBeans 7.4\java\modules\ext\eclipselink\javax.persistence_2.1.0.v201304241213.jar;C:\Program Files\NetBeans 7.4\java\modules\ext\eclipselink\org.eclipse.persistence.jpa.jpql_2.5.0.v20130507-3faac2b.jar:C:\Program Files\NetBeans 7.4\java\modules\ext\eclipselink\org.eclipse.persistence.jpa.modelgen_2.5.0.v20130507-3faac2b.jar" />
    <property name="libs.spring-webmvc.classpath" value="C:\Program Files\NetBeans 7.4\enterprise\modules\ext\spring\spring-webmvc-2.5.6.SEC03.jar" />
    <property name="javac.compilerargs" value="" />
    <property name="ant.file" value="C:\Users\mau_t\Documents\NetBeansProjects\ControlMain\build.xml" />
    <property name="libs.beans-binding.maven-pom" value="" />
    <property name="libs.jsf12.classpath" value="C:\Program Files\NetBeans 7.4\enterprise\modules\ext\jsf-1_2\commons-beanutils.jar;C:\Program Files\NetBeans 7.4\enterprise\modules\ext\jsf-1_2\commons-collections.jar;C:\Program Files\NetBeans 7.4\enterprise\modules\ext\jsf-1_2\commons-digester.jar;C:\Program Files\NetBeans 7.4\enterprise\modules\ext\jsf-1_2\commons-logging.jar;C:\Program Files\NetBeans 7.4\enterprise\modules\ext\jsf-1_2\jsf-api.jar;C:\Program Files\NetBeans 7.4\enterprise\modules\ext\jsf-1_2\jsf-impl.jar" />
    <property name="libs.Java-EE-GlassFish-v3-Prelude.classpath" value="C:\Program Files\glassfish-4.0\glassfish\modules\endorsed\javax.annotation-api.jar;C:\Program Files\glassfish-4.0\glassfish\modules\endorsed\jaxb-api-osgi.jar;C:\Program Files\glassfish-4.0\glassfish\modules\endorsed\webservices-api-osgi.jar;C:\Program Files\glassfish-4.0\glassfish\modules\bean-validator.jar;C:\Program Files\glassfish-4.0\glassfish\modules\javax.batch-api.jar;C:\Program Files\glassfish-4.0\glassfish\modules\javax.ejb-api.jar;C:\Program Files\glassfish-4.0\glassfish\modules\javax.el.jar;C:\Program Files\glassfish-4.0\glassfish\modules\javax.enterprise.concurrent-api.jar;C:\Program Files\glassfish-4.0\glassfish\modules\javax.enterprise.concurrent.jar;C:\Program Files\glassfish-4.0\glassfish\modules\javax.enterprise.deploy-api.jar;C:\Program Files\glassfish-4.0\glassfish\modules\javax.faces.jar;C:\Program Files\glassfish-4.0\glassfish\modules\javax.inject.jar;C:\Program Files\glassfish-4.0\glassfish\modules\javax.interceptor-api.jar;C:\Program Files\glassfish-4.0\glassfish\modules\javax.jms-api.jar;C:\Program Files\glassfish-4.0\glassfish\modules\javax.json.jar;C:\Program Files\glassfish-4.0\glassfish\modules\javax.mail.jar;C:\Program Files\glassfish-4.0\glassfish\modules\javax.management.j2ee-api.jar;C:\Program Files\glassfish-4.0\glassfish\modules\javax.persistence.jar;C:\Program Files\glassfish-4.0\glassfish\modules\javax.resource-api.jar;C:\Program Files\glassfish-4.0\glassfish\modules\javax.security.auth.message-api.jar;C:\Program Files\glassfish-4.0\glassfish\modules\javax.security.jacc-api.jar;C:\Program Files\glassfish-4.0\glassfish\modules\javax.servlet-api.jar;C:\Program Files\glassfish-4.0\glassfish\modules\javax.servlet.jsp-api.jar;C:\Program Files\glassfish-4.0\glassfish\modules\javax.servlet.jsp.jar;C:\Program Files\glassfish-4.0\glassfish\modules\javax.servlet.jsp.jstl-api.jar;C:\Program Files\glassfish-4.0\glassfish\modules\javax.servlet.jsp.jstl.jar;C:\Program Files\glassfish-4.0\glassfish\modules\javax.transaction-api.jar;C:\Program Files\glassfish-4.0\glassfish\modules\javax.websocket-api.jar;C:\Program Files\glassfish-4.0\glassfish\modules\javax.ws.rs-api.jar;C:\Program Files\glassfish-4.0\glassfish\modules\javax.xml.registry-api.jar;C:\Program Files\glassfish-4.0\glassfish\modules\javax.xml.rpc-api.jar;C:\Program Files\glassfish-4.0\glassfish\modules\jaxb-osgi.jar;C:\Program Files\glassfish-4.0\glassfish\modules\webservices-osgi.jar;C:\Program Files\glassfish-4.0\glassfish\modules\weld-osgi-bundle.jar;C:\Program Files\glassfish-4.0\mq\lib\jaxm-api.jar" />
    <property name="has.custom.manifest" value="true" />
    <property name="libs.jstl.maven-pom" value="" />
    <property name="libs.restapi.maven-pom" value="" />
    <property name="libs.beans-binding.src" value="" />
    <property name="java.vm.specification.vendor" value="Oracle Corporation" />
    <property name="libs.swing-layout.src" value="C:\Program Files\NetBeans 7.4\platform\docs\swing-layout-1.0.4-src.zip" />
    <property name="org.openide.major.version" value="IDE/1" />
    <property name="java.vm.name" value="Java HotSpot(TM) 64-Bit Server VM" />
    <property name="do.display.browser.debug" value="true" />
    <property name="libs.PrimeFaces_5.0.classpath" value="C:\Users\mau_t\Downloads\primefaces-5.0.jar" />
    <property name="netbeans.user" value="C:\Users\mau_t\AppData\Roaming\NetBeans\7.4" />
    <property name="javadoc.additionalparam" value="" />
    <property name="java.io.tmpdir" value="C:\Users\mau_t\AppData\Local\Temp\" />
    <property name="java.vendor.url" value="http://java.oracle.com/" />
    <property name="endorsed.classpath.cmd.line.arg" value="-Xbootclasspath/p:&apos;C:\Program Files\NetBeans 7.4\enterprise\modules\ext\javaee6-endorsed\javax.annotation.jar;C:\Program Files\NetBeans 7.4\enterprise\modules\ext\javaee6-endorsed\jaxb-api-osgi.jar;C:\Program Files\NetBeans 7.4\enterprise\modules\ext\javaee6-endorsed\webservices-api-osgi.jar&apos;" />
    <property name="junit.available" value="true" />
    <property name="j2ee.platform.wsit.classpath" value="" />
    <property name="compile.jsps" value="false" />
    <property name="libs.jsp-compiler.src" value="" />
    <property name="org.openide.awt.ActionReference.completion" value="org.netbeans.modules.apisupport.project.layers.PathCompletions" />
    <property name="deploy.ant.properties.file" value="C:\Users\mau_t\AppData\Roaming\NetBeans\7.4\config\GlassFishEE6\Properties\gfv3-47891936.properties" />
    <property name="j2ee.platform.wscompile.classpath" value="C:/Program Files/glassfish-4.0/glassfish/modules/webservices-osgi.jar" />
    <property name="sun.boot.library.path" value="C:\Program Files\Java\jdk1.8.0_181\jre\bin" />
    <property name="have.sources" value="true" />
    <property name="debug.classpath" value="build/web/WEB-INF/classes:C:\Program Files\NetBeans 7.4\ide\modules\ext\mysql-connector-java-5.1.23-bin.jar:C:\Users\mau_t\Documents\Desktop\Old Files\lib\commons-beanutils-1.8.2.jar:C:\Users\mau_t\Documents\Desktop\Old Files\lib\commons-collections-3.2.1.jar:C:\Users\mau_t\Documents\Desktop\Old Files\lib\commons-digester-2.1.jar:C:\Users\mau_t\Documents\Desktop\Old Files\lib\commons-logging-1.1.jar:C:\Users\mau_t\Documents\Desktop\Old Files\lib\groovy-all-2.0.1.jar:C:\Users\mau_t\Documents\Desktop\Old Files\lib\iText-2.1.7.js2.jar:C:\Users\mau_t\Documents\Desktop\Old Files\lib\jasperreports-5.5.0.jar:C:\Users\mau_t\Documents\Desktop\Old Files\lib\jasperreports-fonts-5.5.0.jar:C:\Users\mau_t\Downloads\omnifaces-1.8.3.jar:C:\Users\mau_t\Downloads\junit-3.8.2.jar:C:\Users\mau_t\Downloads\primefaces-5.0.jar:C:\Users\mau_t\Downloads\apache-jmeter-5.0\apache-jmeter-5.0\lib\junit-4.12.jar" />
    <property name="war.name" value="ControlMain.war" />
    <property name="javadoc.private" value="false" />
    <property name="test.src.dir" value="test" />
    <property name="libs.jsf20.classpath" value="C:\Program Files\NetBeans 7.4\enterprise\modules\ext\jsf-2_2\javax.faces.jar" />
    <property name="ap.processors.internal" value="" />
    <property name="javadoc.encoding.used" value="UTF-8" />
    <property name="ant.file.type.ControlMain" value="file" />
    <property name="java.runtime.name" value="Java(TM) SE Runtime Environment" />
    <property name="ant.project.name" value="ControlMain" />
    <property name="netbeans.hash.code" value="unique=NB_EXTIDE_GFMOD_JAVA_WEBCOMMON_WEBEE0566b054e-725c-463c-8bff-4697a2b8d066_950d10d9-18af-40a0-a4de-bb32ea8c436d" />
    <property name="netbeans.default_userdir_root" value="C:\Users\mau_t\AppData\Roaming\NetBeans" />
    <property name="libs.jsp-compilation-syscp.maven-pom" value="" />
    <property name="sun.cpu.isalist" value="amd64" />
    <property name="libs.CopyLibs.javadoc" value="" />
    <property name="libs.hibernate-persistencemodelgen.maven-pom" value="" />
    <property name="j2ee.server.domain" value="C:/Users/mau_t/AppData/Roaming/NetBeans/7.4/config/GF_4.0/domain1" />
    <property name="org.openide.specification.version" value="6.2" />
    <property name="j2ee.server.home" value="C:/Program Files/glassfish-4.0/glassfish" />
    <property name="file.reference.commons-digester-2.1.jar-1" value="C:\Users\mau_t\Documents\Desktop\Old Files\lib\commons-digester-2.1.jar" />
    <property name="file.reference.iText-2.1.7.js2.jar-1" value="C:\Users\mau_t\Documents\Desktop\Old Files\lib\iText-2.1.7.js2.jar" />
    <property name="libs.hibernate-support.classpath" value="C:\Program Files\NetBeans 7.4\java\modules\ext\hibernate\dom4j-1.6.1.jar;C:\Program Files\NetBeans 7.4\java\modules\ext\hibernate\antlr-2.7.6.jar;C:\Program Files\NetBeans 7.4\java\modules\ext\hibernate\cglib-2.2.jar;C:\Program Files\NetBeans 7.4\java\modules\ext\hibernate\commons-collections-3.1.jar;C:\Program Files\NetBeans 7.4\java\modules\ext\hibernate\jta-1.1.jar;C:\Program Files\NetBeans 7.4\java\modules\ext\hibernate\hibernate-core-3.6.10.Final.jar;C:\Program Files\NetBeans 7.4\java\modules\ext\hibernate\hibernate-commons-annotations-3.2.0.Final.jar;C:\Program Files\NetBeans 7.4\java\modules\ext\hibernate\hibernate-entitymanager-3.6.10.Final.jar;C:\Program Files\NetBeans 7.4\java\modules\ext\hibernate\hibernate-tools-3.6.0.CR1.jar;C:\Program Files\NetBeans 7.4\java\modules\ext\hibernate\javassist-3.12.0.GA.jar;C:\Program Files\NetBeans 7.4\java\modules\ext\hibernate\c3p0-0.9.1.jar;C:\Program Files\NetBeans 7.4\java\modules\ext\hibernate\oscache-2.1.jar;C:\Program Files\NetBeans 7.4\java\modules\ext\hibernate\slf4j-api-1.6.1.jar;C:\Program Files\NetBeans 7.4\java\modules\ext\hibernate\slf4j-simple-1.6.1.jar" />
    <property name="user.home" value="C:\Users\mau_t" />
    <property name="annotation.processing.processors.list" value="" />
    <property name="auxiliary.org-netbeans-modules-web-clientproject-api.js_2e_libs_2e_folder" value="js/libs" />
    <property name="libs.primefaces.maven-pom" value="" />
    <property name="debug-args-line" value="-Xdebug" />
    <property name="libs.javaee-api-6.0.maven-pom" value="" />
    <property name="file.reference.groovy-all-2.0.1.jar-1" value="C:\Users\mau_t\Documents\Desktop\Old Files\lib\groovy-all-2.0.1.jar" />
    <property name="libs.JWSAntTasks.src" value="" />
    <property name="libs.CopyLibs.maven-pom" value="" />
    <property name="libs.spring-framework300.javadoc" value="" />
    <property name="libs.hibernate-persistence.maven-pom" value="" />
    <property name="libs.absolutelayout.javadoc" value="" />
    <property name="java.specification.name" value="Java Platform API Specification" />
    <property name="no.dist.ear.dir" value="true" />
    <property name="java.specification.vendor" value="Oracle Corporation" />
    <property name="libs.javac-api.classpath" value="C:\Program Files\NetBeans 7.4\java\modules\ext\nb-javac-api.jar" />
    <property name="java.version" value="1.8.0_181" />
    <property name="run.jvmargs.ide" value="" />
    <property name="javadoc.version" value="false" />
    <property name="libs.MySQLDriver.javadoc" value="" />
    <property name="org.openide.version" value="deprecated" />
    <property name="source.encoding" value="UTF-8" />
    <property name="ap.cmd.line.internal" value="" />
    <property name="libs.eclipselinkmodelgen.maven-pom" value="" />
    <property name="libs.jsp-compilation-syscp.javadoc" value="" />
    <property name="libs.javaee-endorsed-api-7.0.classpath" value="C:\Program Files\NetBeans 7.4\enterprise\modules\ext\javaee7-endorsed\javax.annotation-api.jar;C:\Program Files\NetBeans 7.4\enterprise\modules\ext\javaee7-endorsed\javax.xml.soap-api.jar;C:\Program Files\NetBeans 7.4\enterprise\modules\ext\javaee7-endorsed\jaxb-api-osgi.jar;C:\Program Files\NetBeans 7.4\enterprise\modules\ext\javaee7-endorsed\jaxws-api.jar;C:\Program Files\NetBeans 7.4\enterprise\modules\ext\javaee7-endorsed\jsr181-api.jar" />
    <property name="libs.eclipselinkmodelgen.javadoc" value="" />
    <property name="libs.metro.javadoc" value="C:\Program Files\NetBeans 7.4\enterprise\docs\metro-1.4-doc.zip" />
    <property name="libs.struts.maven-pom" value="" />
    <property name="netbeans.home+have.tests" value="true" />
    <property name="annotation.processing.processor.options" value="-Aeclipselink.canonicalmodel.use_static_factory=false" />
    <property name="libs.testng.maven-pom" value="" />
    <property name="libs.jaxb.src" value="" />
    <property name="libs.jaxb.classpath" value="C:\Program Files\NetBeans 7.4\ide\modules\ext\jaxb\jaxb-impl.jar;C:\Program Files\NetBeans 7.4\ide\modules\ext\jaxb\jaxb-xjc.jar;C:\Program Files\NetBeans 7.4\ide\modules\ext\jaxb\jaxb1-impl.jar;C:\Program Files\NetBeans 7.4\ide\modules\ext\jaxb\activation.jar;C:\Program Files\NetBeans 7.4\ide\modules\ext\jaxb\api\jaxb-api.jar;C:\Program Files\NetBeans 7.4\ide\modules\ext\jaxb\api\jsr173_1.0_api.jar" />
    <property name="dist.javadoc.dir" value="dist/javadoc" />
    <property name="has.persistence.xml" value="true" />
    <property name="libs.spring-webmvc3.0.classpath" value="C:\Program Files\NetBeans 7.4\java\modules\ext\spring-3.0\spring-webmvc-3.2.3.RELEASE.jar" />
    <property name="libs.swing-layout.classpath" value="C:\Program Files\NetBeans 7.4\platform\modules\ext\swing-layout-1.0.4.jar" />
    <property name="jspc.dtds" value="/resources/dtds/" />
    <property name="libs.javaee-web-api-7.0.maven-pom" value="" />
    <property name="libs.restlib.src" value="" />
    <property name="javac.source" value="1.8" />
    <property name="build.generated.dir" value="build/generated" />
    <property name="line.separator" value="&#xd;&#xa;" />
    <property name="libs.hibernate-persistence.src" value="" />
    <property name="java.specification.version" value="1.8" />
    <property name="java.vm.info" value="mixed mode" />
    <property name="libs.jaxws21.maven-pom" value="" />
    <property name="nb.junit.batch" value="true" />
    <property name="libs.spring-framework.maven-pom" value="" />
    <property name="file.reference.commons-logging-1.1.jar-1" value="C:\Users\mau_t\Documents\Desktop\Old Files\lib\commons-logging-1.1.jar" />
    <property name="sun.boot.class.path" value="C:\Program Files\NetBeans 7.4\enterprise\modules\ext\javaee6-endorsed\javax.annotation.jar;C:\Program Files\NetBeans 7.4\enterprise\modules\ext\javaee6-endorsed\jaxb-api-osgi.jar;C:\Program Files\NetBeans 7.4\enterprise\modules\ext\javaee6-endorsed\webservices-api-osgi.jar;C:\Program Files\Java\jdk1.8.0_181\jre\lib\resources.jar;C:\Program Files\Java\jdk1.8.0_181\jre\lib\rt.jar;C:\Program Files\Java\jdk1.8.0_181\jre\lib\sunrsasign.jar;C:\Program Files\Java\jdk1.8.0_181\jre\lib\jsse.jar;C:\Program Files\Java\jdk1.8.0_181\jre\lib\jce.jar;C:\Program Files\Java\jdk1.8.0_181\jre\lib\charsets.jar;C:\Program Files\Java\jdk1.8.0_181\jre\lib\jfr.jar;C:\Program Files\Java\jdk1.8.0_181\jre\classes" />
    <property name="javac.target" value="1.8" />
    <property name="build.test.classes.dir" value="build/test/classes" />
    <property name="src.dir" value="src/java" />
    <property name="sun.awt.keepWorkingSetOnMinimize" value="true" />
    <property name="annotation.processing.enabled" value="true" />
    <property name="libs.jsf20.src" value="" />
    <property name="libs.jpa20-persistence.src" value="" />
    <property name="libs.jsf12.src" value="" />
    <property name="j2ee.platform" value="1.7-web" />
    <property name="libs.JAVADB_DRIVER_LABEL.maven-pom" value="" />
    <property name="libs.struts.javadoc" value="C:\Program Files\NetBeans 7.4\enterprise\docs\struts-1.3.10-javadoc.zip" />
    <property name="ignore.failing.tests" value="true" />
    <property name="libs.Comet-GlassFish-v3.classpath" value="" />
    <property name="web.docbase.dir" value="web" />
    <property name="libs.javaee-web-api-7.0.src" value="" />
    <property name="libs.primefaces.src" value="" />
    <property name="dist.dir" value="dist" />
    <property name="testng.debug.mode" value="" />
    <property name="javac.fork" value="false" />
    <property name="java.awt.printerjob" value="sun.awt.windows.WPrinterJob" />
    <property name="default.javac.source" value="1.8" />
    <property name="debug-transport-by-os" value="dt_shmem" />
    <property name="libs.MySQLDriver.src" value="" />
    <property name="sun.jnu.encoding" value="Cp1252" />
    <property name="build.test.results.dir" value="build/test/results" />
    <property name="java.runtime.version" value="1.8.0_181-b13" />
    <property name="libs.ejb3-persistence.javadoc" value="" />
    <property name="do.tmp.war.package.with.custom.manifest" value="true" />
    <property name="default.javac.target" value="1.8" />
    <property name="user.timezone" value="" />
    <property name="nb.junit.single" value="false" />
    <property name="libs.javaee-endorsed-api-6.0.maven-pom" value="" />
    <property name="libs.JAVADB_DRIVER_LABEL.javadoc" value="" />
    <property name="netbeans.dirs" value="C:\Program Files\NetBeans 7.4\nb;C:\Program Files\NetBeans 7.4\ergonomics;C:\Program Files\NetBeans 7.4\ide;C:\Program Files\NetBeans 7.4\extide;C:\Program Files\NetBeans 7.4\java;C:\Program Files\NetBeans 7.4\apisupport;C:\Program Files\NetBeans 7.4\webcommon;C:\Program Files\NetBeans 7.4\websvccommon;C:\Program Files\NetBeans 7.4\enterprise;C:\Program Files\NetBeans 7.4\mobility;C:\Program Files\NetBeans 7.4\profiler;C:\Program Files\NetBeans 7.4\python;C:\Program Files\NetBeans 7.4\php;C:\Program Files\NetBeans 7.4\identity;C:\Program Files\NetBeans 7.4\harness;C:\Program Files\NetBeans 7.4\cnd;C:\Program Files\NetBeans 7.4\dlight;C:\Program Files\NetBeans 7.4\groovy;C:\Program Files\NetBeans 7.4\extra;C:\Program Files\NetBeans 7.4\javacard;C:\Program Files\NetBeans 7.4\javafx" />
    <property name="libs.jsf20.javadoc" value="C:\Program Files\NetBeans 7.4\enterprise\docs\javaee-doc-api.jar" />
    <property name="libs.jstl.javadoc" value="C:\Program Files\NetBeans 7.4\enterprise\docs\javaee-doc-api.jar" />
    <property name="java.ext.dirs" value="C:\Program Files\Java\jdk1.8.0_181\jre\lib\ext;C:\WINDOWS\Sun\Java\lib\ext" />
    <property name="libs.metro.src" value="" />
    <property name="endorsed.classpath" value="C:\Program Files\NetBeans 7.4\enterprise\modules\ext\javaee6-endorsed\javax.annotation.jar;C:\Program Files\NetBeans 7.4\enterprise\modules\ext\javaee6-endorsed\jaxb-api-osgi.jar;C:\Program Files\NetBeans 7.4\enterprise\modules\ext\javaee6-endorsed\webservices-api-osgi.jar" />
    <property name="libs.absolutelayout.classpath" value="C:\Program Files\NetBeans 7.4\java\modules\ext\AbsoluteLayout.jar" />
    <property name="excludes" value="" />
    <property name="libs.metro.classpath" value="C:\Program Files\NetBeans 7.4\ide\modules\ext\jaxb\activation.jar;C:\Program Files\NetBeans 7.4\enterprise\modules\ext\metro\webservices-api.jar;C:\Program Files\NetBeans 7.4\enterprise\modules\ext\metro\webservices-extra-api.jar;C:\Program Files\NetBeans 7.4\enterprise\modules\ext\metro\webservices-extra.jar;C:\Program Files\NetBeans 7.4\enterprise\modules\ext\metro\webservices-rt.jar;C:\Program Files\NetBeans 7.4\enterprise\modules\ext\metro\webservices-tools.jar" />
    <property name="libs.restlib.maven-pom" value="" />
    <property name="apple.laf.useScreenMenuBar" value="true" />
    <property name="java.class.path" value="C:\Program Files\NetBeans 7.4\ide\modules\ext\mysql-connector-java-5.1.23-bin.jar;C:\Users\mau_t\Documents\Desktop\Old Files\lib\commons-beanutils-1.8.2.jar;C:\Users\mau_t\Documents\Desktop\Old Files\lib\commons-collections-3.2.1.jar;C:\Users\mau_t\Documents\Desktop\Old Files\lib\commons-digester-2.1.jar;C:\Users\mau_t\Documents\Desktop\Old Files\lib\commons-logging-1.1.jar;C:\Users\mau_t\Documents\Desktop\Old Files\lib\groovy-all-2.0.1.jar;C:\Users\mau_t\Documents\Desktop\Old Files\lib\iText-2.1.7.js2.jar;C:\Users\mau_t\Documents\Desktop\Old Files\lib\jasperreports-5.5.0.jar;C:\Users\mau_t\Documents\Desktop\Old Files\lib\jasperreports-fonts-5.5.0.jar;C:\Users\mau_t\Downloads\omnifaces-1.8.3.jar;C:\Users\mau_t\Downloads\junit-3.8.2.jar;C:\Users\mau_t\Downloads\primefaces-5.0.jar;C:\Users\mau_t\Downloads\apache-jmeter-5.0\apache-jmeter-5.0\lib\junit-4.12.jar;C:\Users\mau_t\Documents\NetBeansProjects\ControlMain\build\web\WEB-INF\classes;C:\Users\mau_t\Documents\NetBeansProjects\ControlMain\build\test\classes;C:\Program Files\glassfish-4.0\glassfish\modules\endorsed\javax.annotation-api.jar;C:\Program Files\glassfish-4.0\glassfish\modules\endorsed\jaxb-api-osgi.jar;C:\Program Files\glassfish-4.0\glassfish\modules\endorsed\webservices-api-osgi.jar;C:\Program Files\glassfish-4.0\glassfish\modules\bean-validator.jar;C:\Program Files\glassfish-4.0\glassfish\modules\javax.batch-api.jar;C:\Program Files\glassfish-4.0\glassfish\modules\javax.ejb-api.jar;C:\Program Files\glassfish-4.0\glassfish\modules\javax.el.jar;C:\Program Files\glassfish-4.0\glassfish\modules\javax.enterprise.concurrent-api.jar;C:\Program Files\glassfish-4.0\glassfish\modules\javax.enterprise.concurrent.jar;C:\Program Files\glassfish-4.0\glassfish\modules\javax.enterprise.deploy-api.jar;C:\Program Files\glassfish-4.0\glassfish\modules\javax.faces.jar;C:\Program Files\glassfish-4.0\glassfish\modules\javax.inject.jar;C:\Program Files\glassfish-4.0\glassfish\modules\javax.interceptor-api.jar;C:\Program Files\glassfish-4.0\glassfish\modules\javax.jms-api.jar;C:\Program Files\glassfish-4.0\glassfish\modules\javax.json.jar;C:\Program Files\glassfish-4.0\glassfish\modules\javax.mail.jar;C:\Program Files\glassfish-4.0\glassfish\modules\javax.management.j2ee-api.jar;C:\Program Files\glassfish-4.0\glassfish\modules\javax.persistence.jar;C:\Program Files\glassfish-4.0\glassfish\modules\javax.resource-api.jar;C:\Program Files\glassfish-4.0\glassfish\modules\javax.security.auth.message-api.jar;C:\Program Files\glassfish-4.0\glassfish\modules\javax.security.jacc-api.jar;C:\Program Files\glassfish-4.0\glassfish\modules\javax.servlet-api.jar;C:\Program Files\glassfish-4.0\glassfish\modules\javax.servlet.jsp-api.jar;C:\Program Files\glassfish-4.0\glassfish\modules\javax.servlet.jsp.jar;C:\Program Files\glassfish-4.0\glassfish\modules\javax.servlet.jsp.jstl-api.jar;C:\Program Files\glassfish-4.0\glassfish\modules\javax.servlet.jsp.jstl.jar;C:\Program Files\glassfish-4.0\glassfish\modules\javax.transaction-api.jar;C:\Program Files\glassfish-4.0\glassfish\modules\javax.websocket-api.jar;C:\Program Files\glassfish-4.0\glassfish\modules\javax.ws.rs-api.jar;C:\Program Files\glassfish-4.0\glassfish\modules\javax.xml.registry-api.jar;C:\Program Files\glassfish-4.0\glassfish\modules\javax.xml.rpc-api.jar;C:\Program Files\glassfish-4.0\glassfish\modules\jaxb-osgi.jar;C:\Program Files\glassfish-4.0\glassfish\modules\webservices-osgi.jar;C:\Program Files\glassfish-4.0\glassfish\modules\weld-osgi-bundle.jar;C:\Program Files\glassfish-4.0\mq\lib\jaxm-api.jar;C:\Program Files\glassfish-4.0\glassfish\lib\embedded\glassfish-embedded-static-shell.jar;C:\Program Files\NetBeans 7.4\extide\ant\lib\ant-launcher.jar;C:\Program Files\NetBeans 7.4\extide\ant\lib\ant.jar;C:\Program Files\NetBeans 7.4\extide\ant\lib\ant-junit.jar;C:\Program Files\NetBeans 7.4\extide\ant\lib\ant-junit4.jar" />
    <property name="libs.absolutelayout.src" value="" />
    <property name="libs.jpa20-persistence.classpath" value="C:\Program Files\NetBeans 7.4\java\modules\ext\eclipselink\javax.persistence_2.1.0.v201304241213.jar" />
    <property name="j2ee.server.type" value="gfv3ee6" />
    <property name="os.version" value="10.0" />
    <property name="libs.hibernate-persistencemodelgen.src" value="" />
    <property name="libs.EclipseLink-GlassFish-v3.javadoc" value="C:\Program Files\NetBeans 7.4\enterprise\docs\javaee-doc-api.jar" />
    <property name="libs.javaee-api-7.0.maven-pom" value="" />
    <property name="ant.file.type.ControlMain-impl" value="file" />
    <property name="sun.awt.enableExtraMouseButtons" value="true" />
    <property name="sun.desktop" value="windows" />
    <property name="libs.Comet-GlassFish-v3.src" value="" />
    <property name="libs.restlib.javadoc" value="" />
    <property name="war.content.additional" value="" />
    <property name="libs.JAXB-ENDORSED.classpath" value="C:\Program Files\NetBeans 7.4\ide\modules\ext\jaxb\api\jaxb-api.jar" />
    <property name="nb.internal.action.name" value="test" />
    <property name="j2ee.platform.embeddableejb.classpath" value="C:/Program Files/glassfish-4.0/glassfish/lib/embedded/glassfish-embedded-static-shell.jar" />
    <property name="forceRedeploy" value="false" />
    <property name="libs.javaee-api-7.0.javadoc" value="C:\Program Files\NetBeans 7.4\enterprise\docs\javaee-doc-api.jar" />
    <property name="libs.eclipselink.classpath" value="C:\Program Files\NetBeans 7.4\java\modules\ext\eclipselink\eclipselink.jar;C:\Program Files\NetBeans 7.4\java\modules\ext\eclipselink\javax.persistence_2.1.0.v201304241213.jar;C:\Program Files\NetBeans 7.4\java\modules\ext\eclipselink\org.eclipse.persistence.jpa.jpql_2.5.0.v20130507-3faac2b.jar" />
    <property name="libs.beans-binding.javadoc" value="C:\Program Files\NetBeans 7.4\java\docs\beansbinding-1.2.1-doc.zip" />
    <property name="java.awt.graphicsenv" value="sun.awt.Win32GraphicsEnvironment" />
    <property name="java.vm.vendor" value="Oracle Corporation" />
    <property name="libs.CopyLibs.classpath" value="C:\Program Files\NetBeans 7.4\java\ant\extra\org-netbeans-modules-java-j2seproject-copylibstask.jar" />
    <property name="libs.spring-framework300.classpath" value="C:\Program Files\NetBeans 7.4\ide\modules\org-apache-commons-logging.jar;C:\Program Files\NetBeans 7.4\java\modules\ext\cglib-2.2.jar;C:\Program Files\NetBeans 7.4\java\modules\ext\spring-3.0\spring-aop-3.2.3.RELEASE.jar;C:\Program Files\NetBeans 7.4\java\modules\ext\spring-3.0\spring-aspects-3.2.3.RELEASE.jar;C:\Program Files\NetBeans 7.4\java\modules\ext\spring-3.0\spring-beans-3.2.3.RELEASE.jar;C:\Program Files\NetBeans 7.4\java\modules\ext\spring-3.0\spring-build-src-3.2.3.RELEASE.jar;C:\Program Files\NetBeans 7.4\java\modules\ext\spring-3.0\spring-context-3.2.3.RELEASE.jar;C:\Program Files\NetBeans 7.4\java\modules\ext\spring-3.0\spring-context-support-3.2.3.RELEASE.jar;C:\Program Files\NetBeans 7.4\java\modules\ext\spring-3.0\spring-core-3.2.3.RELEASE.jar;C:\Program Files\NetBeans 7.4\java\modules\ext\spring-3.0\spring-expression-3.2.3.RELEASE.jar;C:\Program Files\NetBeans 7.4\java\modules\ext\spring-3.0\spring-instrument-3.2.3.RELEASE.jar;C:\Program Files\NetBeans 7.4\java\modules\ext\spring-3.0\spring-instrument-tomcat-3.2.3.RELEASE.jar;C:\Program Files\NetBeans 7.4\java\modules\ext\spring-3.0\spring-jdbc-3.2.3.RELEASE.jar;C:\Program Files\NetBeans 7.4\java\modules\ext\spring-3.0\spring-jms-3.2.3.RELEASE.jar;C:\Program Files\NetBeans 7.4\java\modules\ext\spring-3.0\spring-orm-3.2.3.RELEASE.jar;C:\Program Files\NetBeans 7.4\java\modules\ext\spring-3.0\spring-oxm-3.2.3.RELEASE.jar;C:\Program Files\NetBeans 7.4\java\modules\ext\spring-3.0\spring-struts-3.2.3.RELEASE.jar;C:\Program Files\NetBeans 7.4\java\modules\ext\spring-3.0\spring-test-3.2.3.RELEASE.jar;C:\Program Files\NetBeans 7.4\java\modules\ext\spring-3.0\spring-tx-3.2.3.RELEASE.jar;C:\Program Files\NetBeans 7.4\java\modules\ext\spring-3.0\spring-web-3.2.3.RELEASE.jar;C:\Program Files\NetBeans 7.4\java\modules\ext\spring-3.0\spring-webmvc-3.2.3.RELEASE.jar;C:\Program Files\NetBeans 7.4\java\modules\ext\spring-3.0\spring-webmvc-portlet-3.2.3.RELEASE.jar" />
    <property name="libs.jsp-compiler.maven-pom" value="" />
    <property name="libs.spring-webmvc.maven-pom" value="" />
    <property name="libs.ejb3-persistence.classpath" value="C:\Program Files\NetBeans 7.4\java\modules\ext\hibernate\hibernate-jpa-2.0-api-1.0.1.Final.jar" />
    <property name="libs.hibernate-persistencemodelgen.javadoc" value="" />
    <property name="libs.JAXB-ENDORSED.src" value="" />
    <property name="libs.spring-framework.javadoc" value="" />
    <property name="dist.archive.excludes" value="" />
    <property name="libs.testng.javadoc" value="C:\Program Files\NetBeans 7.4\platform\docs\testng-6.8.1-javadoc.zip" />
    <property name="user.script" value="" />
    <property name="libs.PostgreSQLDriver.classpath" value="C:\Program Files\NetBeans 7.4\ide\modules\ext\postgresql-9.2-1002.jdbc4.jar" />
    <property name="libs.jsf12.maven-pom" value="" />
    <property name="annotation.processing.source.output" value="build/generated-sources/ap-source-output" />
    <property name="build.dir" value="build" />
    <property name="libs.CopyLibs.src" value="" />
    <property name="libs.jsp-compilation.classpath" value="C:\Program Files\NetBeans 7.4\extide\ant\lib\ant.jar;C:\Program Files\NetBeans 7.4\enterprise\modules\ext\servlet3.1-jsp2.3-api.jar;C:\Program Files\NetBeans 7.4\enterprise\modules\ext\glassfish-jspparser-4.0.jar;C:\Program Files\NetBeans 7.4\enterprise\modules\ext\jsf-2_2\javax.faces.jar;C:\Program Files\NetBeans 7.4\enterprise\modules\ext\jstl-api.jar;C:\Program Files\NetBeans 7.4\extide\ant\lib\ant-launcher.jar" />
    <property name="ant.version" value="Apache Ant(TM) version 1.9.1 compiled on May 15 2013" />
    <property name="selected.browser" value="SL[/Browsers/FirefoxBrowser" />
    <property name="j2ee.platform.is.jsr109" value="true" />
    <property name="libs.PrimeFaces_5.0.maven-pom" value="" />
    <property name="file.encoding" value="Cp1252" />
    <property name="build.classes.excludes" value="**/*.java,**/*.form" />
    <property name="javadoc.nonavbar" value="false" />
    <property name="jdkBug6558476" value="false" />
    <property name="platform.active" value="default_platform" />
    <property name="awt.toolkit" value="sun.awt.windows.WToolkit" />
    <property name="war.ear.name" value="ControlMain.war" />
    <property name="libs.javaee-web-api-7.0.javadoc" value="C:\Program Files\NetBeans 7.4\enterprise\docs\javaee-doc-api.jar" />
  </properties>
  <testcase classname="controller.encajeControllerTest" name="initializationError" time="0.009">
    <error message="org/hamcrest/SelfDescribing" type="java.lang.NoClassDefFoundError">java.lang.NoClassDefFoundError: org/hamcrest/SelfDescribing
	at java.lang.ClassLoader.defineClass1(Native Method)
	at java.lang.ClassLoader.defineClass(ClassLoader.java:763)
	at java.security.SecureClassLoader.defineClass(SecureClassLoader.java:142)
	at java.net.URLClassLoader.defineClass(URLClassLoader.java:467)
	at java.net.URLClassLoader.access$100(URLClassLoader.java:73)
	at java.net.URLClassLoader$1.run(URLClassLoader.java:368)
	at java.net.URLClassLoader$1.run(URLClassLoader.java:362)
	at java.security.AccessController.doPrivileged(Native Method)
	at java.net.URLClassLoader.findClass(URLClassLoader.java:361)
	at java.lang.ClassLoader.loadClass(ClassLoader.java:424)
	at sun.misc.Launcher$AppClassLoader.loadClass(Launcher.java:349)
	at java.lang.ClassLoader.loadClass(ClassLoader.java:357)
	at java.lang.reflect.Constructor.newInstance(Constructor.java:423)
Caused by: java.lang.ClassNotFoundException: org.hamcrest.SelfDescribing
	at java.net.URLClassLoader.findClass(URLClassLoader.java:381)
	at java.lang.ClassLoader.loadClass(ClassLoader.java:424)
	at sun.misc.Launcher$AppClassLoader.loadClass(Launcher.java:349)
	at java.lang.ClassLoader.loadClass(ClassLoader.java:357)
</error>
  </testcase>
  <system-out><![CDATA[]]></system-out>
  <system-err><![CDATA[]]></system-err>
</testsuite>
